In file included from ../ext/bson.cc:35:
In file included from ../ext/bson.h:17:
../ext/nan.h:339:13: error: no member named 'New' in 'v8::String'
    return  _NAN_ERROR(v8::Exception::Error, errmsg);
            ^~~~~~~~~~~~~~~~~~~~~~~~~~~~~~~~~~~~~~~~
../ext/nan.h:319:50: note: expanded from macro '_NAN_ERROR'
# define _NAN_ERROR(fun, errmsg) fun(v8::String::New(errmsg))
                                     ~~~~~~~~~~~~^
../ext/nan.h:343:5: error: no member named 'ThrowException' in namespace 'v8'
    _NAN_THROW_ERROR(v8::Exception::Error, errmsg);
    ^~~~~~~~~~~~~~~~~~~~~~~~~~~~~~~~~~~~~~~~~~~~~~
../ext/nan.h:324:11: note: expanded from macro '_NAN_THROW_ERROR'
      v8::ThrowException(_NAN_ERROR(fun, errmsg));                             \
      ~~~~^
../ext/nan.h:343:5: error: no member named 'New' in 'v8::String'
    _NAN_THROW_ERROR(v8::Exception::Error, errmsg);
    ^~~~~~~~~~~~~~~~~~~~~~~~~~~~~~~~~~~~~~~~~~~~~~
../ext/nan.h:324:26: note: expanded from macro '_NAN_THROW_ERROR'
      v8::ThrowException(_NAN_ERROR(fun, errmsg));                             \
                         ^~~~~~~~~~~~~~~~~~~~~~~
../ext/nan.h:319:50: note: expanded from macro '_NAN_ERROR'
# define _NAN_ERROR(fun, errmsg) fun(v8::String::New(errmsg))
                                     ~~~~~~~~~~~~^
../ext/nan.h:348:9: error: no type named 'ThrowException' in namespace 'v8'
    v8::ThrowException(error);
    ~~~~^
../ext/nan.h:355:65: error: no member named 'New' in 'v8::String'
    v8::Local<v8::Value> err = v8::Exception::Error(v8::String::New(msg));
                                                    ~~~~~~~~~~~~^
../ext/nan.h:357:26: error: no member named 'New' in 'v8::String'
    obj->Set(v8::String::New("code"), v8::Int32::New(errorNumber));
             ~~~~~~~~~~~~^
../ext/nan.h:369:12: error: no member named 'New' in 'v8::String'
    return _NAN_ERROR(v8::Exception::TypeError, errmsg);
           ^~~~~~~~~~~~~~~~~~~~~~~~~~~~~~~~~~~~~~~~~~~~
../ext/nan.h:319:50: note: expanded from macro '_NAN_ERROR'
# define _NAN_ERROR(fun, errmsg) fun(v8::String::New(errmsg))
                                     ~~~~~~~~~~~~^
../ext/nan.h:373:5: error: no member named 'ThrowException' in namespace 'v8'
    _NAN_THROW_ERROR(v8::Exception::TypeError, errmsg);
    ^~~~~~~~~~~~~~~~~~~~~~~~~~~~~~~~~~~~~~~~~~~~~~~~~~
../ext/nan.h:324:11: note: expanded from macro '_NAN_THROW_ERROR'
      v8::ThrowException(_NAN_ERROR(fun, errmsg));                             \
      ~~~~^
../ext/nan.h:373:5: error: no member named 'New' in 'v8::String'
    _NAN_THROW_ERROR(v8::Exception::TypeError, errmsg);
    ^~~~~~~~~~~~~~~~~~~~~~~~~~~~~~~~~~~~~~~~~~~~~~~~~~
../ext/nan.h:324:26: note: expanded from macro '_NAN_THROW_ERROR'
      v8::ThrowException(_NAN_ERROR(fun, errmsg));                             \
                         ^~~~~~~~~~~~~~~~~~~~~~~
../ext/nan.h:319:50: note: expanded from macro '_NAN_ERROR'
# define _NAN_ERROR(fun, errmsg) fun(v8::String::New(errmsg))
                                     ~~~~~~~~~~~~^
../ext/nan.h:377:12: error: no member named 'New' in 'v8::String'
    return _NAN_ERROR(v8::Exception::RangeError, errmsg);
           ^~~~~~~~~~~~~~~~~~~~~~~~~~~~~~~~~~~~~~~~~~~~~
../ext/nan.h:319:50: note: expanded from macro '_NAN_ERROR'
# define _NAN_ERROR(fun, errmsg) fun(v8::String::New(errmsg))
                                     ~~~~~~~~~~~~^
../ext/nan.h:381:5: error: no member named 'ThrowException' in namespace 'v8'
    _NAN_THROW_ERROR(v8::Exception::RangeError, errmsg);
    ^~~~~~~~~~~~~~~~~~~~~~~~~~~~~~~~~~~~~~~~~~~~~~~~~~~
../ext/nan.h:324:11: note: expanded from macro '_NAN_THROW_ERROR'
      v8::ThrowException(_NAN_ERROR(fun, errmsg));                             \
      ~~~~^
../ext/nan.h:381:5: error: no member named 'New' in 'v8::String'
    _NAN_THROW_ERROR(v8::Exception::RangeError, errmsg);
    ^~~~~~~~~~~~~~~~~~~~~~~~~~~~~~~~~~~~~~~~~~~~~~~~~~~
../ext/nan.h:324:26: note: expanded from macro '_NAN_THROW_ERROR'
      v8::ThrowException(_NAN_ERROR(fun, errmsg));                             \
                         ^~~~~~~~~~~~~~~~~~~~~~~
../ext/nan.h:319:50: note: expanded from macro '_NAN_ERROR'
# define _NAN_ERROR(fun, errmsg) fun(v8::String::New(errmsg))
                                     ~~~~~~~~~~~~^
../ext/nan.h:406:13: error: no member named 'smalloc' in namespace 'node'
    , node::smalloc::FreeCallback callback
      ~~~~~~^
../ext/nan.h:141:71: note: expanded from macro 'NAN_INLINE'
# define NAN_INLINE(declarator) inline __attribute__((always_inline)) declarator
                                                                      ^
../ext/nan.h:416:12: error: no matching function for call to 'New'
    return node::Buffer::New(data, size);
           ^~~~~~~~~~~~~~~~~
/Users/miao/.node-gyp/5.5.0/include/node/node_buffer.h:28:40: note: candidate function not viable: no known conversion from 'char *' to 'v8::Isolate *' for 1st argument
NODE_EXTERN v8::MaybeLocal<v8::Object> New(v8::Isolate* isolate, size_t length);
                                       ^
/Users/miao/.node-gyp/5.5.0/include/node/node_buffer.h:31:40: note: candidate function not viable: no known conversion from 'char *' to 'v8::Isolate *' for 1st argument
NODE_EXTERN v8::MaybeLocal<v8::Object> New(v8::Isolate* isolate,
                                       ^
/Users/miao/.node-gyp/5.5.0/include/node/node_buffer.h:36:40: note: candidate function not viable: requires 5 arguments, but 2 were provided
NODE_EXTERN v8::MaybeLocal<v8::Object> New(v8::Isolate* isolate,
                                       ^
/Users/miao/.node-gyp/5.5.0/include/node/node_buffer.h:43:40: note: candidate function not viable: requires 3 arguments, but 2 were provided
NODE_EXTERN v8::MaybeLocal<v8::Object> New(v8::Isolate* isolate,
                                       ^
In file included from ../ext/bson.cc:35:
In file included from ../ext/bson.h:17:
../ext/nan.h:420:12: error: no matching function for call to 'New'
    return node::Buffer::New(size);
           ^~~~~~~~~~~~~~~~~
/Users/miao/.node-gyp/5.5.0/include/node/node_buffer.h:28:40: note: candidate function not viable: requires 2 arguments, but 1 was provided
NODE_EXTERN v8::MaybeLocal<v8::Object> New(v8::Isolate* isolate, size_t length);
                                       ^
/Users/miao/.node-gyp/5.5.0/include/node/node_buffer.h:31:40: note: candidate function not viable: requires at least 2 arguments, but 1 was provided
NODE_EXTERN v8::MaybeLocal<v8::Object> New(v8::Isolate* isolate,
                                       ^
/Users/miao/.node-gyp/5.5.0/include/node/node_buffer.h:36:40: note: candidate function not viable: requires 5 arguments, but 1 was provided
NODE_EXTERN v8::MaybeLocal<v8::Object> New(v8::Isolate* isolate,
                                       ^
/Users/miao/.node-gyp/5.5.0/include/node/node_buffer.h:43:40: note: candidate function not viable: requires 3 arguments, but 1 was provided
NODE_EXTERN v8::MaybeLocal<v8::Object> New(v8::Isolate* isolate,
                                       ^
In file included from ../ext/bson.cc:35:
In file included from ../ext/bson.h:17:
../ext/nan.h:427:26: error: no member named 'Use' in namespace 'node::Buffer'
    return node::Buffer::Use(data, size);
           ~~~~~~~~~~~~~~^
../ext/nan.h:727:49: error: too few arguments to function call, single argument 'isolate' was not specified
    v8::Local<v8::Object> obj = v8::Object::New();
                                ~~~~~~~~~~~~~~~ ^
/Users/miao/.node-gyp/5.5.0/include/node/v8.h:2930:3: note: 'New' declared here
  static Local<Object> New(Isolate* isolate);
  ^
In file included from ../ext/bson.cc:35:
In file included from ../ext/bson.h:17:
../ext/nan.h:733:49: error: too few arguments to function call, single argument 'isolate' was not specified
    v8::Local<v8::Object> obj = v8::Object::New();
                                ~~~~~~~~~~~~~~~ ^
/Users/miao/.node-gyp/5.5.0/include/node/v8.h:2930:3: note: 'New' declared here
  static Local<Object> New(Isolate* isolate);
  ^
In file included from ../ext/bson.cc:35:
In file included from ../ext/bson.h:17:
../ext/nan.h:740:12: error: no member named 'Dispose' in 'v8::Persistent<v8::Object, v8::NonCopyablePersistentTraits<v8::Object> >'
    handle.Dispose();
    ~~~~~~ ^
fatal error: too many errors emitted, stopping now [-ferror-limit=]
20 errors generated.
make: *** [Release/obj.target/bson/ext/bson.o] Error 1
gyp ERR! build error 
gyp ERR! stack Error: `make` failed with exit code: 2
gyp ERR! stack     at ChildProcess.onExit (/usr/local/lib/node_modules/npm/node_modules/node-gyp/lib/build.js:270:23)
gyp ERR! stack     at emitTwo (events.js:100:13)
gyp ERR! stack     at ChildProcess.emit (events.js:185:7)
gyp ERR! stack     at Process.ChildProcess._handle.onexit (internal/child_process.js:200:12)
gyp ERR! System Darwin 12.5.0
gyp ERR! command "/usr/local/bin/node" "/usr/local/lib/node_modules/npm/node_modules/node-gyp/bin/node-gyp.js" "rebuild"
gyp ERR! cwd /Users/miao/Desktop/nodeJS/blog/node_modules/bson
gyp ERR! node -v v5.5.0
gyp ERR! node-gyp -v v3.0.3
gyp ERR! not ok 
